[2026-06-16 03:32:22] INFO     pipeline — ============================================================
[2026-06-16 03:32:22] INFO     pipeline — JAIPUR AQI PIPELINE — 6 file(s)
[2026-06-16 03:32:22] INFO     pipeline — ============================================================
[2026-06-16 03:32:22] INFO     load — Schema initialised
[2026-06-16 03:32:22] INFO     pipeline — --- Processing: Raw_data_15Min_2025_site_134_Police_Commissionerate_Jaipur_RSPCB_15Min.parquet
[2026-06-16 03:32:22] INFO     pipeline —     Station: Police Commissionerate (site_134)
[2026-06-16 03:32:22] INFO     extract — Loading file: Raw_data_15Min_2025_site_134_Police_Commissionerate_Jaipur_RSPCB_15Min.parquet
[2026-06-16 03:32:22] INFO     extract — Raw shape: (35040, 25)
[2026-06-16 03:32:23] INFO     extract — Extracted 35,040 rows | PM2.5 available: 31,062 (88.6%)
[2026-06-16 03:32:23] INFO     transform — Cleaned measurements: 35,040 rows, station_id=1
[2026-06-16 03:38:49] INFO     pipeline — ============================================================
[2026-06-16 03:38:49] INFO     pipeline — JAIPUR AQI PIPELINE — 6 file(s)
[2026-06-16 03:38:49] INFO     pipeline — ============================================================
[2026-06-16 03:38:49] INFO     load — Schema initialised
[2026-06-16 03:38:49] INFO     pipeline — --- Processing: Raw_data_15Min_2025_site_134_Police_Commissionerate_Jaipur_RSPCB_15Min.parquet
[2026-06-16 03:38:49] INFO     pipeline —     Station: Police Commissionerate (site_134)
[2026-06-16 03:38:49] INFO     extract — Loading file: Raw_data_15Min_2025_site_134_Police_Commissionerate_Jaipur_RSPCB_15Min.parquet
[2026-06-16 03:38:49] INFO     extract — Raw shape: (35040, 25)
[2026-06-16 03:38:50] INFO     extract — Extracted 35,040 rows | PM2.5 available: 31,062 (88.6%)
[2026-06-16 03:38:50] INFO     transform — Cleaned measurements: 35,040 rows, station_id=1
[2026-06-16 03:44:48] INFO     load —   Measurements: inserted=0, skipped(dup)=35,040
[2026-06-16 03:44:48] INFO     transform — Built 365 daily summary rows
[2026-06-16 03:44:51] INFO     load —   Daily summary: inserted=0, skipped(dup)=365
[2026-06-16 03:44:51] INFO     pipeline — --- Processing: Raw_data_15Min_2025_site_1393_Adarsh_Nagar_Jaipur_RSPCB_15Min.parquet
[2026-06-16 03:44:51] INFO     pipeline —     Station: Adarsh Nagar (site_1393)
[2026-06-16 03:44:51] INFO     extract — Loading file: Raw_data_15Min_2025_site_1393_Adarsh_Nagar_Jaipur_RSPCB_15Min.parquet
[2026-06-16 03:44:51] INFO     extract — Raw shape: (35040, 25)
[2026-06-16 03:44:51] INFO     extract — Extracted 35,040 rows | PM2.5 available: 33,192 (94.7%)
[2026-06-16 03:44:51] INFO     transform — Cleaned measurements: 35,040 rows, station_id=2
[2026-06-17 10:22:42] INFO     pipeline — ============================================================
[2026-06-17 10:22:42] INFO     pipeline — JAIPUR AQI PIPELINE — 6 file(s)
[2026-06-17 10:22:42] INFO     pipeline — ============================================================
[2026-06-17 10:22:42] INFO     load — Schema initialised
[2026-06-17 10:22:42] INFO     pipeline — --- Processing: Raw_data_15Min_2025_site_134_Police_Commissionerate_Jaipur_RSPCB_15Min.parquet
[2026-06-17 10:22:42] INFO     pipeline —     Station: Police Commissionerate (site_134)
[2026-06-17 10:22:42] INFO     extract — Loading file: Raw_data_15Min_2025_site_134_Police_Commissionerate_Jaipur_RSPCB_15Min.parquet
[2026-06-17 10:22:42] INFO     extract — Raw shape: (35040, 25)
[2026-06-17 10:22:42] INFO     extract — Extracted 35,040 rows | PM2.5 available: 31,062 (88.6%)
[2026-06-17 10:22:42] INFO     transform — Cleaned measurements: 35,040 rows, station_id=1
[2026-06-17 10:28:06] INFO     load —   Measurements: inserted=0, skipped(dup)=35,040
[2026-06-17 10:28:06] INFO     transform — Built 365 daily summary rows
[2026-06-17 10:28:08] INFO     load —   Daily summary: inserted=0, skipped(dup)=365
[2026-06-17 10:28:08] INFO     pipeline — --- Processing: Raw_data_15Min_2025_site_1393_Adarsh_Nagar_Jaipur_RSPCB_15Min.parquet
[2026-06-17 10:28:08] INFO     pipeline —     Station: Adarsh Nagar (site_1393)
[2026-06-17 10:28:08] INFO     extract — Loading file: Raw_data_15Min_2025_site_1393_Adarsh_Nagar_Jaipur_RSPCB_15Min.parquet
[2026-06-17 10:28:08] INFO     extract — Raw shape: (35040, 25)
[2026-06-17 10:28:09] INFO     extract — Extracted 35,040 rows | PM2.5 available: 33,192 (94.7%)
[2026-06-17 10:28:09] INFO     transform — Cleaned measurements: 35,040 rows, station_id=2
[2026-06-17 10:39:26] INFO     load —   Measurements: inserted=0, skipped(dup)=35,040
[2026-06-17 10:39:26] INFO     transform — Built 365 daily summary rows
[2026-06-17 10:39:28] INFO     load —   Daily summary: inserted=0, skipped(dup)=365
[2026-06-17 10:39:28] INFO     pipeline — --- Processing: Raw_data_15Min_2025_site_1396_Shastri_Nagar_Jaipur_RSPCB_15Min.parquet
[2026-06-17 10:39:28] INFO     pipeline —     Station: Shastri Nagar (site_1396)
[2026-06-17 10:39:28] INFO     extract — Loading file: Raw_data_15Min_2025_site_1396_Shastri_Nagar_Jaipur_RSPCB_15Min.parquet
[2026-06-17 10:39:28] INFO     extract — Raw shape: (35040, 25)
[2026-06-17 10:39:29] INFO     extract — Extracted 35,040 rows | PM2.5 available: 33,506 (95.6%)
[2026-06-17 10:39:29] INFO     transform — Cleaned measurements: 35,040 rows, station_id=3
[2026-06-17 10:45:10] INFO     load —   Measurements: inserted=0, skipped(dup)=35,040
[2026-06-17 10:45:10] INFO     transform — Built 365 daily summary rows
[2026-06-17 10:45:13] INFO     load —   Daily summary: inserted=0, skipped(dup)=365
[2026-06-17 10:45:13] INFO     pipeline — --- Processing: Raw_data_15Min_2025_site_5725_Mansarovar_Sector-12_Jaipur_RSPCB_15Min.parquet
[2026-06-17 10:45:13] INFO     pipeline —     Station: Mansarovar Sector-12 (site_5725)
[2026-06-17 10:45:13] INFO     extract — Loading file: Raw_data_15Min_2025_site_5725_Mansarovar_Sector-12_Jaipur_RSPCB_15Min.parquet
[2026-06-17 10:45:13] INFO     extract — Raw shape: (35040, 25)
[2026-06-17 10:45:13] INFO     extract — Extracted 35,040 rows | PM2.5 available: 33,286 (95.0%)
[2026-06-17 10:45:13] INFO     transform — Cleaned measurements: 35,040 rows, station_id=4
[2026-06-17 10:50:35] INFO     load —   Measurements: inserted=0, skipped(dup)=35,040
[2026-06-17 10:50:35] INFO     transform — Built 365 daily summary rows
[2026-06-17 10:50:38] INFO     load —   Daily summary: inserted=0, skipped(dup)=365
[2026-06-17 10:50:38] INFO     pipeline — --- Processing: Raw_data_15Min_2025_site_5727_Sector-2_Murlipura_Jaipur_RSPCB_15Min.parquet
[2026-06-17 10:50:38] INFO     pipeline —     Station: Murlipura Sector-2 (site_5727)
[2026-06-17 10:50:38] INFO     extract — Loading file: Raw_data_15Min_2025_site_5727_Sector-2_Murlipura_Jaipur_RSPCB_15Min.parquet
[2026-06-17 10:50:38] INFO     extract — Raw shape: (35040, 25)
[2026-06-17 10:50:38] INFO     extract — Extracted 35,040 rows | PM2.5 available: 31,377 (89.5%)
[2026-06-17 10:50:38] INFO     transform — Cleaned measurements: 35,040 rows, station_id=5
[2026-06-18 11:32:45] INFO     pipeline — ============================================================
[2026-06-18 11:32:45] INFO     pipeline — JAIPUR AQI PIPELINE — 6 file(s)
[2026-06-18 11:32:45] INFO     pipeline — ============================================================
[2026-06-18 11:32:45] INFO     load — Schema initialised
[2026-06-18 11:32:45] INFO     pipeline — --- Processing: Raw_data_15Min_2025_site_134_Police_Commissionerate_Jaipur_RSPCB_15Min.parquet
[2026-06-18 11:32:45] INFO     pipeline —     Station: Police Commissionerate (site_134)
[2026-06-18 11:32:45] INFO     extract — Loading file: Raw_data_15Min_2025_site_134_Police_Commissionerate_Jaipur_RSPCB_15Min.parquet
[2026-06-18 11:32:45] INFO     extract — Raw shape: (35040, 25)
[2026-06-18 11:32:46] INFO     extract — Extracted 35,040 rows | PM2.5 available: 31,062 (88.6%)
[2026-06-18 11:32:46] INFO     transform — Cleaned measurements: 35,040 rows, station_id=1
[2026-06-18 11:38:16] INFO     load —   Measurements: inserted=0, skipped(dup)=35,040
[2026-06-18 11:38:16] INFO     transform — Built 365 daily summary rows
[2026-06-18 11:38:18] INFO     load —   Daily summary: inserted=0, skipped(dup)=365
[2026-06-18 11:38:18] INFO     pipeline — --- Processing: Raw_data_15Min_2025_site_1393_Adarsh_Nagar_Jaipur_RSPCB_15Min.parquet
[2026-06-18 11:38:18] INFO     pipeline —     Station: Adarsh Nagar (site_1393)
[2026-06-18 11:38:18] INFO     extract — Loading file: Raw_data_15Min_2025_site_1393_Adarsh_Nagar_Jaipur_RSPCB_15Min.parquet
[2026-06-18 11:38:18] INFO     extract — Raw shape: (35040, 25)
[2026-06-18 11:38:19] INFO     extract — Extracted 35,040 rows | PM2.5 available: 33,192 (94.7%)
[2026-06-18 11:38:19] INFO     transform — Cleaned measurements: 35,040 rows, station_id=2
[2026-06-18 11:43:42] INFO     load —   Measurements: inserted=0, skipped(dup)=35,040
[2026-06-18 11:43:42] INFO     transform — Built 365 daily summary rows
[2026-06-18 11:43:44] INFO     load —   Daily summary: inserted=0, skipped(dup)=365
[2026-06-18 11:43:44] INFO     pipeline — --- Processing: Raw_data_15Min_2025_site_1396_Shastri_Nagar_Jaipur_RSPCB_15Min.parquet
[2026-06-18 11:43:44] INFO     pipeline —     Station: Shastri Nagar (site_1396)
[2026-06-18 11:43:44] INFO     extract — Loading file: Raw_data_15Min_2025_site_1396_Shastri_Nagar_Jaipur_RSPCB_15Min.parquet
[2026-06-18 11:43:45] INFO     extract — Raw shape: (35040, 25)
[2026-06-18 11:43:45] INFO     extract — Extracted 35,040 rows | PM2.5 available: 33,506 (95.6%)
[2026-06-18 11:43:45] INFO     transform — Cleaned measurements: 35,040 rows, station_id=3
[2026-06-18 11:49:12] INFO     load —   Measurements: inserted=0, skipped(dup)=35,040
[2026-06-18 11:49:12] INFO     transform — Built 365 daily summary rows
[2026-06-18 11:49:15] INFO     load —   Daily summary: inserted=0, skipped(dup)=365
[2026-06-18 11:49:15] INFO     pipeline — --- Processing: Raw_data_15Min_2025_site_5725_Mansarovar_Sector-12_Jaipur_RSPCB_15Min.parquet
[2026-06-18 11:49:15] INFO     pipeline —     Station: Mansarovar Sector-12 (site_5725)
[2026-06-18 11:49:15] INFO     extract — Loading file: Raw_data_15Min_2025_site_5725_Mansarovar_Sector-12_Jaipur_RSPCB_15Min.parquet
[2026-06-18 11:49:15] INFO     extract — Raw shape: (35040, 25)
[2026-06-18 11:49:15] INFO     extract — Extracted 35,040 rows | PM2.5 available: 33,286 (95.0%)
[2026-06-18 11:49:15] INFO     transform — Cleaned measurements: 35,040 rows, station_id=4
[2026-06-18 11:57:50] INFO     load —   Measurements: inserted=0, skipped(dup)=35,040
[2026-06-18 11:57:50] INFO     transform — Built 365 daily summary rows
[2026-06-18 11:57:54] INFO     load —   Daily summary: inserted=0, skipped(dup)=365
[2026-06-18 11:57:54] INFO     pipeline — --- Processing: Raw_data_15Min_2025_site_5727_Sector-2_Murlipura_Jaipur_RSPCB_15Min.parquet
[2026-06-18 11:57:54] INFO     pipeline —     Station: Murlipura Sector-2 (site_5727)
[2026-06-18 11:57:54] INFO     extract — Loading file: Raw_data_15Min_2025_site_5727_Sector-2_Murlipura_Jaipur_RSPCB_15Min.parquet
[2026-06-18 11:57:54] INFO     extract — Raw shape: (35040, 25)
[2026-06-18 11:57:55] INFO     extract — Extracted 35,040 rows | PM2.5 available: 31,377 (89.5%)
[2026-06-18 11:57:55] INFO     transform — Cleaned measurements: 35,040 rows, station_id=5
[2026-06-18 12:08:14] INFO     load —   Measurements: inserted=0, skipped(dup)=35,040
[2026-06-18 12:08:14] INFO     transform — Built 365 daily summary rows
[2026-06-18 12:08:19] INFO     load —   Daily summary: inserted=0, skipped(dup)=365
[2026-06-18 12:08:19] INFO     pipeline — --- Processing: Raw_data_15Min_2025_site_5728_RIICO_Sitapura_Jaipur_RSPCB_15Min.parquet
[2026-06-18 12:08:19] INFO     pipeline —     Station: RIICO Sitapura (site_5728)
[2026-06-18 12:08:19] INFO     extract — Loading file: Raw_data_15Min_2025_site_5728_RIICO_Sitapura_Jaipur_RSPCB_15Min.parquet
[2026-06-18 12:08:19] INFO     extract — Raw shape: (35040, 25)
[2026-06-18 12:08:20] INFO     extract — Extracted 35,040 rows | PM2.5 available: 33,547 (95.7%)
[2026-06-18 12:08:20] INFO     transform — Cleaned measurements: 35,040 rows, station_id=6
[2026-06-18 13:12:35] INFO     load —   Measurements: inserted=0, skipped(dup)=35,040
[2026-06-18 13:12:35] INFO     transform — Built 365 daily summary rows
[2026-06-18 13:12:40] INFO     load —   Daily summary: inserted=0, skipped(dup)=365
[2026-06-18 13:12:40] INFO     transform — Computed insights: ['worst_month', 'worst_month_pm25', 'best_month', 'best_month_pm25', 'worst_hour', 'worst_hour_pm25', 'best_hour', 'best_hour_pm25', 'weekday_pm25', 'weekend_pm25', 'naaqs_exceed_days', 'naaqs_exceed_pct', 'calm_pm25', 'windy_pm25', 'wind_lift']
[2026-06-18 13:12:40] INFO     pipeline — ============================================================
[2026-06-18 13:12:40] INFO     pipeline — PIPELINE COMPLETE in 5995.0s
[2026-06-18 13:12:40] INFO     pipeline —   Stations processed : 6
[2026-06-18 13:12:40] INFO     pipeline —   Total rows         : 210,240
[2026-06-18 13:12:40] INFO     pipeline —   Database           : sqlite:///C:\Users\user\Desktop\jaipur_aqi\data\jaipur_aqi.db
[2026-06-18 13:12:40] INFO     pipeline — ============================================================
[2026-06-18 21:11:45] INFO     pipeline — ============================================================
[2026-06-18 21:11:45] INFO     pipeline — JAIPUR AQI PIPELINE — 6 file(s)
[2026-06-18 21:11:45] INFO     pipeline — ============================================================
[2026-06-18 21:11:45] INFO     load — Schema initialised
[2026-06-18 21:11:45] INFO     pipeline — --- Processing: Raw_data_15Min_2025_site_134_Police_Commissionerate_Jaipur_RSPCB_15Min.parquet
[2026-06-18 21:11:45] INFO     pipeline —     Station: Police Commissionerate (site_134)
[2026-06-18 21:11:45] INFO     extract — Loading file: Raw_data_15Min_2025_site_134_Police_Commissionerate_Jaipur_RSPCB_15Min.parquet
[2026-06-18 21:11:46] INFO     extract — Raw shape: (35040, 25)
[2026-06-18 21:11:46] INFO     extract — Extracted 35,040 rows | PM2.5 available: 31,062 (88.6%)
[2026-06-18 21:11:46] INFO     transform — Cleaned measurements: 35,040 rows, station_id=1
[2026-06-18 21:17:03] INFO     load —   Measurements: inserted=0, skipped(dup)=35,040
[2026-06-18 21:17:03] INFO     transform — Built 365 daily summary rows
[2026-06-18 21:17:05] INFO     load —   Daily summary: inserted=0, skipped(dup)=365
[2026-06-18 21:17:05] INFO     pipeline — --- Processing: Raw_data_15Min_2025_site_1393_Adarsh_Nagar_Jaipur_RSPCB_15Min.parquet
[2026-06-18 21:17:05] INFO     pipeline —     Station: Adarsh Nagar (site_1393)
[2026-06-18 21:17:05] INFO     extract — Loading file: Raw_data_15Min_2025_site_1393_Adarsh_Nagar_Jaipur_RSPCB_15Min.parquet
[2026-06-18 21:17:05] INFO     extract — Raw shape: (35040, 25)
[2026-06-18 21:17:06] INFO     extract — Extracted 35,040 rows | PM2.5 available: 33,192 (94.7%)
[2026-06-18 21:17:06] INFO     transform — Cleaned measurements: 35,040 rows, station_id=2
[2026-06-18 21:22:21] INFO     load —   Measurements: inserted=0, skipped(dup)=35,040
[2026-06-18 21:22:21] INFO     transform — Built 365 daily summary rows
[2026-06-18 21:22:23] INFO     load —   Daily summary: inserted=0, skipped(dup)=365
[2026-06-18 21:22:23] INFO     pipeline — --- Processing: Raw_data_15Min_2025_site_1396_Shastri_Nagar_Jaipur_RSPCB_15Min.parquet
[2026-06-18 21:22:23] INFO     pipeline —     Station: Shastri Nagar (site_1396)
[2026-06-18 21:22:23] INFO     extract — Loading file: Raw_data_15Min_2025_site_1396_Shastri_Nagar_Jaipur_RSPCB_15Min.parquet
[2026-06-18 21:22:23] INFO     extract — Raw shape: (35040, 25)
[2026-06-18 21:22:24] INFO     extract — Extracted 35,040 rows | PM2.5 available: 33,506 (95.6%)
[2026-06-18 21:22:24] INFO     transform — Cleaned measurements: 35,040 rows, station_id=3
[2026-06-18 21:27:50] INFO     load —   Measurements: inserted=0, skipped(dup)=35,040
[2026-06-18 21:27:50] INFO     transform — Built 365 daily summary rows
[2026-06-18 21:27:52] INFO     load —   Daily summary: inserted=0, skipped(dup)=365
[2026-06-18 21:27:52] INFO     pipeline — --- Processing: Raw_data_15Min_2025_site_5725_Mansarovar_Sector-12_Jaipur_RSPCB_15Min.parquet
[2026-06-18 21:27:52] INFO     pipeline —     Station: Mansarovar Sector-12 (site_5725)
[2026-06-18 21:27:52] INFO     extract — Loading file: Raw_data_15Min_2025_site_5725_Mansarovar_Sector-12_Jaipur_RSPCB_15Min.parquet
[2026-06-18 21:27:52] INFO     extract — Raw shape: (35040, 25)
[2026-06-18 21:27:53] INFO     extract — Extracted 35,040 rows | PM2.5 available: 33,286 (95.0%)
[2026-06-18 21:27:53] INFO     transform — Cleaned measurements: 35,040 rows, station_id=4
[2026-06-18 21:34:20] INFO     pipeline — ============================================================
[2026-06-18 21:34:20] INFO     pipeline — JAIPUR AQI PIPELINE — 6 file(s)
[2026-06-18 21:34:20] INFO     pipeline — ============================================================
[2026-06-18 21:34:20] INFO     load — Schema initialised
[2026-06-18 21:34:20] INFO     pipeline — --- Processing: Raw_data_15Min_2025_site_134_Police_Commissionerate_Jaipur_RSPCB_15Min.parquet
[2026-06-18 21:34:20] INFO     pipeline —     Station: Police Commissionerate (site_134)
[2026-06-18 21:34:20] INFO     extract — Loading file: Raw_data_15Min_2025_site_134_Police_Commissionerate_Jaipur_RSPCB_15Min.parquet
[2026-06-18 21:34:20] INFO     extract — Raw shape: (35040, 25)
[2026-06-18 21:34:20] INFO     extract — Extracted 35,040 rows | PM2.5 available: 31,062 (88.6%)
[2026-06-18 21:34:20] INFO     transform — Cleaned measurements: 35,040 rows, station_id=1
[2026-06-18 21:39:45] INFO     load —   Measurements: inserted=0, skipped(dup)=35,040
[2026-06-18 21:39:45] INFO     transform — Built 365 daily summary rows
[2026-06-18 21:39:47] INFO     load —   Daily summary: inserted=0, skipped(dup)=365
[2026-06-18 21:39:47] INFO     pipeline — --- Processing: Raw_data_15Min_2025_site_1393_Adarsh_Nagar_Jaipur_RSPCB_15Min.parquet
[2026-06-18 21:39:47] INFO     pipeline —     Station: Adarsh Nagar (site_1393)
[2026-06-18 21:39:47] INFO     extract — Loading file: Raw_data_15Min_2025_site_1393_Adarsh_Nagar_Jaipur_RSPCB_15Min.parquet
[2026-06-18 21:39:47] INFO     extract — Raw shape: (35040, 25)
[2026-06-18 21:39:48] INFO     extract — Extracted 35,040 rows | PM2.5 available: 33,192 (94.7%)
[2026-06-18 21:39:48] INFO     transform — Cleaned measurements: 35,040 rows, station_id=2
[2026-06-18 21:44:50] INFO     load —   Measurements: inserted=0, skipped(dup)=35,040
[2026-06-18 21:44:50] INFO     transform — Built 365 daily summary rows
[2026-06-18 21:44:52] INFO     load —   Daily summary: inserted=0, skipped(dup)=365
[2026-06-18 21:44:52] INFO     pipeline — --- Processing: Raw_data_15Min_2025_site_1396_Shastri_Nagar_Jaipur_RSPCB_15Min.parquet
[2026-06-18 21:44:52] INFO     pipeline —     Station: Shastri Nagar (site_1396)
[2026-06-18 21:44:52] INFO     extract — Loading file: Raw_data_15Min_2025_site_1396_Shastri_Nagar_Jaipur_RSPCB_15Min.parquet
[2026-06-18 21:44:52] INFO     extract — Raw shape: (35040, 25)
[2026-06-18 21:44:52] INFO     extract — Extracted 35,040 rows | PM2.5 available: 33,506 (95.6%)
[2026-06-18 21:44:52] INFO     transform — Cleaned measurements: 35,040 rows, station_id=3
[2026-06-18 21:50:19] INFO     load —   Measurements: inserted=0, skipped(dup)=35,040
[2026-06-18 21:50:19] INFO     transform — Built 365 daily summary rows
[2026-06-18 21:50:21] INFO     load —   Daily summary: inserted=0, skipped(dup)=365
[2026-06-18 21:50:21] INFO     pipeline — --- Processing: Raw_data_15Min_2025_site_5725_Mansarovar_Sector-12_Jaipur_RSPCB_15Min.parquet
[2026-06-18 21:50:21] INFO     pipeline —     Station: Mansarovar Sector-12 (site_5725)
[2026-06-18 21:50:21] INFO     extract — Loading file: Raw_data_15Min_2025_site_5725_Mansarovar_Sector-12_Jaipur_RSPCB_15Min.parquet
[2026-06-18 21:50:21] INFO     extract — Raw shape: (35040, 25)
[2026-06-18 21:50:22] INFO     extract — Extracted 35,040 rows | PM2.5 available: 33,286 (95.0%)
[2026-06-18 21:50:22] INFO     transform — Cleaned measurements: 35,040 rows, station_id=4
[2026-06-18 21:55:52] INFO     load —   Measurements: inserted=0, skipped(dup)=35,040
[2026-06-18 21:55:52] INFO     transform — Built 365 daily summary rows
[2026-06-18 21:55:54] INFO     load —   Daily summary: inserted=0, skipped(dup)=365
[2026-06-18 21:55:54] INFO     pipeline — --- Processing: Raw_data_15Min_2025_site_5727_Sector-2_Murlipura_Jaipur_RSPCB_15Min.parquet
[2026-06-18 21:55:54] INFO     pipeline —     Station: Murlipura Sector-2 (site_5727)
[2026-06-18 21:55:54] INFO     extract — Loading file: Raw_data_15Min_2025_site_5727_Sector-2_Murlipura_Jaipur_RSPCB_15Min.parquet
[2026-06-18 21:55:54] INFO     extract — Raw shape: (35040, 25)
[2026-06-18 21:55:54] INFO     extract — Extracted 35,040 rows | PM2.5 available: 31,377 (89.5%)
[2026-06-18 21:55:54] INFO     transform — Cleaned measurements: 35,040 rows, station_id=5
[2026-06-18 22:01:10] INFO     load —   Measurements: inserted=0, skipped(dup)=35,040
[2026-06-18 22:01:10] INFO     transform — Built 365 daily summary rows
[2026-06-18 22:01:12] INFO     load —   Daily summary: inserted=0, skipped(dup)=365
[2026-06-18 22:01:12] INFO     pipeline — --- Processing: Raw_data_15Min_2025_site_5728_RIICO_Sitapura_Jaipur_RSPCB_15Min.parquet
[2026-06-18 22:01:12] INFO     pipeline —     Station: RIICO Sitapura (site_5728)
[2026-06-18 22:01:12] INFO     extract — Loading file: Raw_data_15Min_2025_site_5728_RIICO_Sitapura_Jaipur_RSPCB_15Min.parquet
[2026-06-18 22:01:12] INFO     extract — Raw shape: (35040, 25)
[2026-06-18 22:01:13] INFO     extract — Extracted 35,040 rows | PM2.5 available: 33,547 (95.7%)
[2026-06-18 22:01:13] INFO     transform — Cleaned measurements: 35,040 rows, station_id=6
[2026-06-18 22:06:30] INFO     load —   Measurements: inserted=0, skipped(dup)=35,040
[2026-06-18 22:06:30] INFO     transform — Built 365 daily summary rows
[2026-06-18 22:06:33] INFO     load —   Daily summary: inserted=0, skipped(dup)=365
[2026-06-18 22:06:33] INFO     transform — Computed insights: ['worst_month', 'worst_month_pm25', 'best_month', 'best_month_pm25', 'worst_hour', 'worst_hour_pm25', 'best_hour', 'best_hour_pm25', 'weekday_pm25', 'weekend_pm25', 'naaqs_exceed_days', 'naaqs_exceed_pct', 'calm_pm25', 'windy_pm25', 'wind_lift']
[2026-06-18 22:06:33] INFO     pipeline — ============================================================
[2026-06-18 22:06:33] INFO     pipeline — PIPELINE COMPLETE in 1933.2s
[2026-06-18 22:06:33] INFO     pipeline —   Stations processed : 6
[2026-06-18 22:06:33] INFO     pipeline —   Total rows         : 210,240
[2026-06-18 22:06:33] INFO     pipeline —   Database           : sqlite:///C:\Users\user\Desktop\jaipur_aqi\data\jaipur_aqi.db
[2026-06-18 22:06:33] INFO     pipeline — ============================================================
[2026-06-18 22:33:56] INFO     pipeline — ============================================================
[2026-06-18 22:33:56] INFO     pipeline — JAIPUR AQI PIPELINE — 6 file(s)
[2026-06-18 22:33:56] INFO     pipeline — ============================================================
[2026-06-18 22:33:56] INFO     load — Schema initialised
[2026-06-18 22:33:56] INFO     pipeline — --- Processing: Raw_data_15Min_2025_site_134_Police_Commissionerate_Jaipur_RSPCB_15Min.parquet
[2026-06-18 22:33:56] INFO     pipeline —     Station: Police Commissionerate (site_134)
[2026-06-18 22:33:56] INFO     extract — Loading file: Raw_data_15Min_2025_site_134_Police_Commissionerate_Jaipur_RSPCB_15Min.parquet
[2026-06-18 22:33:56] INFO     extract — Raw shape: (35040, 25)
[2026-06-18 22:33:57] INFO     extract — Extracted 35,040 rows | PM2.5 available: 31,062 (88.6%)
[2026-06-18 22:33:57] INFO     transform — Cleaned measurements: 35,040 rows, station_id=1
[2026-06-18 22:39:08] INFO     load —   Measurements: inserted=0, skipped(dup)=35,040
[2026-06-18 22:39:08] INFO     transform — Built 365 daily summary rows
[2026-06-18 22:39:10] INFO     load —   Daily summary: inserted=0, skipped(dup)=365
[2026-06-18 22:39:10] INFO     pipeline — --- Processing: Raw_data_15Min_2025_site_1393_Adarsh_Nagar_Jaipur_RSPCB_15Min.parquet
[2026-06-18 22:39:10] INFO     pipeline —     Station: Adarsh Nagar (site_1393)
[2026-06-18 22:39:10] INFO     extract — Loading file: Raw_data_15Min_2025_site_1393_Adarsh_Nagar_Jaipur_RSPCB_15Min.parquet
[2026-06-18 22:39:10] INFO     extract — Raw shape: (35040, 25)
[2026-06-18 22:39:10] INFO     extract — Extracted 35,040 rows | PM2.5 available: 33,192 (94.7%)
[2026-06-18 22:39:10] INFO     transform — Cleaned measurements: 35,040 rows, station_id=2
[2026-06-18 22:48:19] INFO     load —   Measurements: inserted=0, skipped(dup)=35,040
[2026-06-18 22:48:19] INFO     transform — Built 365 daily summary rows
[2026-06-18 22:48:24] INFO     load —   Daily summary: inserted=0, skipped(dup)=365
[2026-06-18 22:48:24] INFO     pipeline — --- Processing: Raw_data_15Min_2025_site_1396_Shastri_Nagar_Jaipur_RSPCB_15Min.parquet
[2026-06-18 22:48:24] INFO     pipeline —     Station: Shastri Nagar (site_1396)
[2026-06-18 22:48:24] INFO     extract — Loading file: Raw_data_15Min_2025_site_1396_Shastri_Nagar_Jaipur_RSPCB_15Min.parquet
[2026-06-18 22:48:24] INFO     extract — Raw shape: (35040, 25)
[2026-06-18 22:48:24] INFO     extract — Extracted 35,040 rows | PM2.5 available: 33,506 (95.6%)
[2026-06-18 22:48:24] INFO     transform — Cleaned measurements: 35,040 rows, station_id=3
[2026-06-18 22:53:52] INFO     pipeline — ============================================================
[2026-06-18 22:53:52] INFO     pipeline — JAIPUR AQI PIPELINE — 6 file(s)
[2026-06-18 22:53:52] INFO     pipeline — ============================================================
[2026-06-18 22:53:52] INFO     load — Schema initialised
[2026-06-18 22:53:52] INFO     pipeline — --- Processing: Raw_data_15Min_2025_site_134_Police_Commissionerate_Jaipur_RSPCB_15Min.parquet
[2026-06-18 22:53:52] INFO     pipeline —     Station: Police Commissionerate (site_134)
[2026-06-18 22:53:52] INFO     extract — Loading file: Raw_data_15Min_2025_site_134_Police_Commissionerate_Jaipur_RSPCB_15Min.parquet
[2026-06-18 22:53:53] INFO     extract — Raw shape: (35040, 25)
[2026-06-18 22:53:53] INFO     extract — Extracted 35,040 rows | PM2.5 available: 31,062 (88.6%)
[2026-06-18 22:53:53] INFO     transform — Cleaned measurements: 35,040 rows, station_id=1
